2024-11-14 14:31:47,147 INFO o.a.j.u.JMeterUtils: Setting Locale to en_EN
2024-11-14 14:31:47,162 INFO o.a.j.JMeter: Loading user properties from: /opt/homebrew/Cellar/jmeter/5.6.3/libexec/bin/user.properties
2024-11-14 14:31:47,162 INFO o.a.j.JMeter: Loading system properties from: /opt/homebrew/Cellar/jmeter/5.6.3/libexec/bin/system.properties
2024-11-14 14:31:47,166 INFO o.a.j.JMeter: Copyright (c) 1998-2024 The Apache Software Foundation
2024-11-14 14:31:47,167 INFO o.a.j.JMeter: Version 5.6.3
2024-11-14 14:31:47,167 INFO o.a.j.JMeter: java.version=21.0.5
2024-11-14 14:31:47,167 INFO o.a.j.JMeter: java.vm.name=OpenJDK 64-Bit Server VM
2024-11-14 14:31:47,167 INFO o.a.j.JMeter: os.name=Mac OS X
2024-11-14 14:31:47,167 INFO o.a.j.JMeter: os.arch=aarch64
2024-11-14 14:31:47,167 INFO o.a.j.JMeter: os.version=14.6.1
2024-11-14 14:31:47,167 INFO o.a.j.JMeter: file.encoding=UTF-8
2024-11-14 14:31:47,167 INFO o.a.j.JMeter: java.awt.headless=null
2024-11-14 14:31:47,167 INFO o.a.j.JMeter: Max memory     =1073741824
2024-11-14 14:31:47,167 INFO o.a.j.JMeter: Available Processors =10
2024-11-14 14:31:47,175 INFO o.a.j.JMeter: Default Locale=English (EN)
2024-11-14 14:31:47,175 INFO o.a.j.JMeter: JMeter  Locale=English (EN)
2024-11-14 14:31:47,175 INFO o.a.j.JMeter: JMeterHome=/opt/homebrew/Cellar/jmeter/5.6.3/libexec
2024-11-14 14:31:47,175 INFO o.a.j.JMeter: user.dir  =/Users/ade.williams/Workspaces/makila-api
2024-11-14 14:31:47,175 INFO o.a.j.JMeter: PWD       =/Users/ade.williams/Workspaces/makila-api
2024-11-14 14:31:47,390 INFO o.a.j.JMeter: IP: 192.168.1.243 Name: M-W7X3DYVKWC FullName: 192.168.1.243
2024-11-14 14:31:47,402 INFO o.a.j.JMeter: Loaded icon properties from org/apache/jmeter/images/icon.properties
2024-11-14 14:31:47,727 INFO o.a.j.JMeterGuiLauncher: Setting LAF to: com.github.weisj.darklaf.DarkLaf:com.github.weisj.darklaf.theme.DarculaTheme
2024-11-14 14:31:50,494 INFO o.a.j.r.ClassFinder: Will scan jar /opt/homebrew/Cellar/jmeter/5.6.3/libexec/lib/ext/jmeter-plugins-manager-1.9.jar with filter ExtendsClassFilter [parents=[interface org.apache.jmeter.gui.action.Command], inner=false, contains=null, notContains=null]. Consider exposing JMeter plugins via META-INF/services, and add JMeter-Skip-Class-Scanning=true manifest attribute so JMeter can skip classfile scanning
2024-11-14 14:31:50,593 INFO o.a.j.r.ClassFinder: Will scan jar /opt/homebrew/Cellar/jmeter/5.6.3/libexec/lib/ext/jmeter-plugins-manager-1.9.jar with filter ExtendsClassFilter [parents=[interface org.apache.jmeter.gui.plugin.MenuCreator], inner=false, contains=null, notContains=null]. Consider exposing JMeter plugins via META-INF/services, and add JMeter-Skip-Class-Scanning=true manifest attribute so JMeter can skip classfile scanning
2024-11-14 14:31:50,689 INFO o.j.r.JARSourceHTTP: Found cached repo
2024-11-14 14:31:50,796 INFO o.j.r.PluginManager: Plugins Status: [jpgc-plugins-manager=1.9, jmeter-core=5.6.3, jmeter-ftp=5.6.3, jmeter-http=5.6.3, jmeter-jdbc=5.6.3, jmeter-jms=5.6.3, jmeter-junit=5.6.3, jmeter-java=5.6.3, jmeter-ldap=5.6.3, jmeter-mail=5.6.3, jmeter-mongodb=5.6.3, jmeter-native=5.6.3, jmeter-tcp=5.6.3, jmeter-components=5.6.3]
2024-11-14 14:31:50,796 INFO o.j.r.PluginManagerMenuItem: Plugins Manager has upgrades: [jpgc-plugins-manager]
2024-11-14 14:32:04,169 INFO o.a.j.s.FileServer: Default base='/Users/ade.williams/Workspaces/makila-api'
2024-11-14 14:32:04,173 INFO o.a.j.g.a.Load: Loading file: /Users/ade.williams/Workspaces/makila-api/api/src/main/resources/static/pgLoadTesting.jmx
2024-11-14 14:32:04,173 INFO o.a.j.s.FileServer: Set new base='/Users/ade.williams/Workspaces/makila-api/api/src/main/resources/static'
2024-11-14 14:32:04,300 INFO o.a.j.s.SaveService: Testplan (JMX) version: 2.2. Testlog (JTL) version: 2.2
2024-11-14 14:32:04,305 INFO o.a.j.s.SaveService: Using SaveService properties version 5.0
2024-11-14 14:32:04,306 INFO o.a.j.s.SaveService: Using SaveService properties file encoding UTF-8
2024-11-14 14:32:04,307 INFO o.a.j.s.SaveService: Loading file: /Users/ade.williams/Workspaces/makila-api/api/src/main/resources/static/pgLoadTesting.jmx
2024-11-14 14:32:04,389 INFO o.a.j.p.h.s.HTTPSamplerBase: Parser for text/html is org.apache.jmeter.protocol.http.parser.LagartoBasedHtmlParser
2024-11-14 14:32:04,389 INFO o.a.j.p.h.s.HTTPSamplerBase: Parser for application/xhtml+xml is org.apache.jmeter.protocol.http.parser.LagartoBasedHtmlParser
2024-11-14 14:32:04,389 INFO o.a.j.p.h.s.HTTPSamplerBase: Parser for application/xml is org.apache.jmeter.protocol.http.parser.LagartoBasedHtmlParser
2024-11-14 14:32:04,389 INFO o.a.j.p.h.s.HTTPSamplerBase: Parser for text/xml is org.apache.jmeter.protocol.http.parser.LagartoBasedHtmlParser
2024-11-14 14:32:04,389 INFO o.a.j.p.h.s.HTTPSamplerBase: Parser for text/vnd.wap.wml is org.apache.jmeter.protocol.http.parser.RegexpHTMLParser
2024-11-14 14:32:04,389 INFO o.a.j.p.h.s.HTTPSamplerBase: Parser for text/css is org.apache.jmeter.protocol.http.parser.CssParser
2024-11-14 14:32:04,588 INFO o.a.j.s.SampleResult: Note: Sample TimeStamps are START times
2024-11-14 14:32:04,588 INFO o.a.j.s.SampleResult: sampleresult.default.encoding is set to UTF-8
2024-11-14 14:32:04,588 INFO o.a.j.s.SampleResult: sampleresult.useNanoTime=true
2024-11-14 14:32:04,588 INFO o.a.j.s.SampleResult: sampleresult.nanoThreadSleep=5000
2024-11-14 14:32:04,694 INFO o.a.j.r.ClassFinder: Will scan jar /opt/homebrew/Cellar/jmeter/5.6.3/libexec/lib/ext/jmeter-plugins-manager-1.9.jar with filter ExtendsClassFilter [parents=[interface org.apache.jmeter.visualizers.ResultRenderer], inner=false, contains=null, notContains=null]. Consider exposing JMeter plugins via META-INF/services, and add JMeter-Skip-Class-Scanning=true manifest attribute so JMeter can skip classfile scanning
2024-11-14 14:32:04,719 INFO o.a.j.r.ClassFinder: Will scan jar /opt/homebrew/Cellar/jmeter/5.6.3/libexec/lib/ext/jmeter-plugins-manager-1.9.jar with filter ExtendsClassFilter [parents=[interface org.apache.jmeter.visualizers.RequestView], inner=false, contains=null, notContains=null]. Consider exposing JMeter plugins via META-INF/services, and add JMeter-Skip-Class-Scanning=true manifest attribute so JMeter can skip classfile scanning
2024-11-14 14:32:04,806 INFO o.a.j.s.FileServer: Set new base='/Users/ade.williams/Workspaces/makila-api/api/src/main/resources/static'
2024-11-14 14:33:29,618 INFO o.a.j.e.StandardJMeterEngine: Running the test!
2024-11-14 14:33:29,619 INFO o.a.j.s.SampleEvent: List of sample_variables: []
2024-11-14 14:33:29,619 INFO o.a.j.s.SampleEvent: List of sample_variables: []
2024-11-14 14:33:29,620 INFO o.a.j.e.u.CompoundVariable: Note: Function class names must contain the string: '.functions.'
2024-11-14 14:33:29,620 INFO o.a.j.e.u.CompoundVariable: Note: Function class names must not contain the string: '.gui.'
2024-11-14 14:33:29,648 INFO o.a.j.r.ClassFinder: Will scan jar /opt/homebrew/Cellar/jmeter/5.6.3/libexec/lib/ext/jmeter-plugins-manager-1.9.jar with filter ExtendsClassFilter [parents=[interface org.apache.jmeter.functions.Function], inner=false, contains=null, notContains=null]. Consider exposing JMeter plugins via META-INF/services, and add JMeter-Skip-Class-Scanning=true manifest attribute so JMeter can skip classfile scanning
2024-11-14 14:33:29,659 INFO o.a.j.g.u.JMeterMenuBar: setRunning(true, *local*)
2024-11-14 14:33:29,721 INFO o.a.j.e.StandardJMeterEngine: Starting ThreadGroup: 1 : Find Order by ID
2024-11-14 14:33:29,721 INFO o.a.j.e.StandardJMeterEngine: Starting 10 threads for group Find Order by ID.
2024-11-14 14:33:29,721 INFO o.a.j.e.StandardJMeterEngine: Thread will continue on error
2024-11-14 14:33:29,721 INFO o.a.j.t.ThreadGroup: Starting thread group... number=1 threads=10 ramp-up=10 delayedStart=false
2024-11-14 14:33:29,725 INFO o.a.j.t.JMeterThread: Thread started: Find Order by ID 1-1
2024-11-14 14:33:29,725 INFO o.a.j.t.ThreadGroup: Started thread group number 1
2024-11-14 14:33:29,726 INFO o.a.j.e.StandardJMeterEngine: Starting ThreadGroup: 2 : Create Order
2024-11-14 14:33:29,726 INFO o.a.j.e.StandardJMeterEngine: Starting 10 threads for group Create Order.
2024-11-14 14:33:29,726 INFO o.a.j.e.StandardJMeterEngine: Thread will continue on error
2024-11-14 14:33:29,726 INFO o.a.j.t.ThreadGroup: Starting thread group... number=2 threads=10 ramp-up=10 delayedStart=false
2024-11-14 14:33:29,726 INFO o.a.j.t.JMeterThread: Thread started: Create Order 2-1
2024-11-14 14:33:29,728 INFO o.a.j.t.ThreadGroup: Started thread group number 2
2024-11-14 14:33:29,728 INFO o.a.j.e.StandardJMeterEngine: Starting ThreadGroup: 3 : Find Product by ID
2024-11-14 14:33:29,728 INFO o.a.j.e.StandardJMeterEngine: Starting 10 threads for group Find Product by ID.
2024-11-14 14:33:29,728 INFO o.a.j.e.StandardJMeterEngine: Thread will continue on error
2024-11-14 14:33:29,728 INFO o.a.j.t.ThreadGroup: Starting thread group... number=3 threads=10 ramp-up=10 delayedStart=false
2024-11-14 14:33:29,728 INFO o.a.j.t.JMeterThread: Thread started: Find Product by ID 3-1
2024-11-14 14:33:29,730 INFO o.a.j.t.ThreadGroup: Started thread group number 3
2024-11-14 14:33:29,730 INFO o.a.j.e.StandardJMeterEngine: All thread groups have been started
2024-11-14 14:33:29,731 INFO o.a.j.p.h.s.HTTPHCAbstractImpl: Local host = M-W7X3DYVKWC
2024-11-14 14:33:29,735 INFO o.a.j.p.h.s.HTTPHC4Impl: HTTP request retry count = 0
2024-11-14 14:33:30,724 INFO o.a.j.t.JMeterThread: Thread started: Find Order by ID 1-2
2024-11-14 14:33:30,727 INFO o.a.j.t.JMeterThread: Thread started: Create Order 2-2
2024-11-14 14:33:30,733 INFO o.a.j.t.JMeterThread: Thread started: Find Product by ID 3-2
2024-11-14 14:33:31,726 INFO o.a.j.t.JMeterThread: Thread started: Find Order by ID 1-3
2024-11-14 14:33:31,727 INFO o.a.j.t.JMeterThread: Thread started: Create Order 2-3
2024-11-14 14:33:31,730 INFO o.a.j.t.JMeterThread: Thread started: Find Product by ID 3-3
2024-11-14 14:33:32,727 INFO o.a.j.t.JMeterThread: Thread started: Find Order by ID 1-4
2024-11-14 14:33:32,744 INFO o.a.j.t.JMeterThread: Thread started: Find Product by ID 3-4
2024-11-14 14:33:32,744 INFO o.a.j.t.JMeterThread: Thread started: Create Order 2-4
2024-11-14 14:33:33,728 INFO o.a.j.t.JMeterThread: Thread started: Find Order by ID 1-5
2024-11-14 14:33:33,728 INFO o.a.j.t.JMeterThread: Thread started: Create Order 2-5
2024-11-14 14:33:33,734 INFO o.a.j.t.JMeterThread: Thread started: Find Product by ID 3-5
2024-11-14 14:33:34,731 INFO o.a.j.t.JMeterThread: Thread started: Find Order by ID 1-6
2024-11-14 14:33:34,733 INFO o.a.j.t.JMeterThread: Thread started: Create Order 2-6
2024-11-14 14:33:34,733 INFO o.a.j.t.JMeterThread: Thread started: Find Product by ID 3-6
2024-11-14 14:33:35,739 INFO o.a.j.t.JMeterThread: Thread started: Find Product by ID 3-7
2024-11-14 14:33:35,739 INFO o.a.j.t.JMeterThread: Thread started: Find Order by ID 1-7
2024-11-14 14:33:35,739 INFO o.a.j.t.JMeterThread: Thread started: Create Order 2-7
2024-11-14 14:33:36,730 INFO o.a.j.t.JMeterThread: Thread started: Create Order 2-8
2024-11-14 14:33:36,733 INFO o.a.j.t.JMeterThread: Thread started: Find Product by ID 3-8
2024-11-14 14:33:36,730 INFO o.a.j.t.JMeterThread: Thread started: Find Order by ID 1-8
2024-11-14 14:33:37,725 INFO o.a.j.t.JMeterThread: Thread started: Find Order by ID 1-9
2024-11-14 14:33:37,730 INFO o.a.j.t.JMeterThread: Thread started: Create Order 2-9
2024-11-14 14:33:37,730 INFO o.a.j.t.JMeterThread: Thread started: Find Product by ID 3-9
2024-11-14 14:33:38,739 INFO o.a.j.t.JMeterThread: Thread started: Find Order by ID 1-10
2024-11-14 14:33:38,739 INFO o.a.j.t.JMeterThread: Thread started: Create Order 2-10
2024-11-14 14:33:38,739 INFO o.a.j.t.JMeterThread: Thread started: Find Product by ID 3-10
2024-11-14 14:34:12,762 INFO o.a.j.g.a.Start: Stopping test
2024-11-14 14:34:12,815 INFO o.a.j.t.JMeterThread: Stopping: Find Order by ID 1-9
2024-11-14 14:34:12,816 WARN o.a.j.t.JMeterThread: Interrupting: Find Order by ID 1-9 sampler: findOrderByID
2024-11-14 14:34:12,820 INFO o.a.j.t.JMeterThread: Stopping: Find Order by ID 1-8
2024-11-14 14:34:12,820 WARN o.a.j.t.JMeterThread: Interrupting: Find Order by ID 1-8 sampler: findOrderByID
2024-11-14 14:34:12,820 INFO o.a.j.t.JMeterThread: Thread finished: Find Order by ID 1-9
2024-11-14 14:34:12,821 INFO o.a.j.t.JMeterThread: Stopping: Find Order by ID 1-10
2024-11-14 14:34:12,821 WARN o.a.j.t.JMeterThread: Interrupting: Find Order by ID 1-10 sampler: findOrderByID
2024-11-14 14:34:12,821 INFO o.a.j.t.JMeterThread: Stopping: Find Order by ID 1-1
2024-11-14 14:34:12,821 WARN o.a.j.t.JMeterThread: Interrupting: Find Order by ID 1-1 sampler: findOrderByID
2024-11-14 14:34:12,821 INFO o.a.j.t.JMeterThread: Thread finished: Find Order by ID 1-8
2024-11-14 14:34:12,821 INFO o.a.j.t.JMeterThread: Thread finished: Find Order by ID 1-10
2024-11-14 14:34:12,821 INFO o.a.j.t.JMeterThread: Stopping: Find Order by ID 1-4
2024-11-14 14:34:12,821 WARN o.a.j.t.JMeterThread: Interrupting: Find Order by ID 1-4 sampler: findOrderByID
2024-11-14 14:34:12,822 INFO o.a.j.t.JMeterThread: Stopping: Find Order by ID 1-7
2024-11-14 14:34:12,822 INFO o.a.j.t.JMeterThread: Thread finished: Find Order by ID 1-1
2024-11-14 14:34:12,822 WARN o.a.j.t.JMeterThread: Interrupting: Find Order by ID 1-7 sampler: findOrderByID
2024-11-14 14:34:12,822 INFO o.a.j.t.JMeterThread: Thread finished: Find Order by ID 1-4
2024-11-14 14:34:12,822 INFO o.a.j.t.JMeterThread: Stopping: Find Order by ID 1-5
2024-11-14 14:34:12,822 WARN o.a.j.t.JMeterThread: Interrupting: Find Order by ID 1-5 sampler: findOrderByID
2024-11-14 14:34:12,822 INFO o.a.j.t.JMeterThread: Thread finished: Find Order by ID 1-7
2024-11-14 14:34:12,823 INFO o.a.j.t.JMeterThread: Stopping: Find Order by ID 1-3
2024-11-14 14:34:12,823 WARN o.a.j.t.JMeterThread: Interrupting: Find Order by ID 1-3 sampler: findOrderByID
2024-11-14 14:34:12,823 INFO o.a.j.t.JMeterThread: Stopping: Find Order by ID 1-2
2024-11-14 14:34:12,823 WARN o.a.j.t.JMeterThread: Interrupting: Find Order by ID 1-2 sampler: findOrderByID
2024-11-14 14:34:12,823 INFO o.a.j.t.JMeterThread: Thread finished: Find Order by ID 1-5
2024-11-14 14:34:12,823 INFO o.a.j.t.JMeterThread: Thread finished: Find Order by ID 1-3
2024-11-14 14:34:12,823 INFO o.a.j.t.JMeterThread: Stopping: Find Order by ID 1-6
2024-11-14 14:34:12,823 WARN o.a.j.t.JMeterThread: Interrupting: Find Order by ID 1-6 sampler: findOrderByID
2024-11-14 14:34:12,824 INFO o.a.j.t.JMeterThread: Thread finished: Find Order by ID 1-2
2024-11-14 14:34:12,824 INFO o.a.j.t.JMeterThread: Stopping: Create Order 2-10
2024-11-14 14:34:12,824 WARN o.a.j.t.JMeterThread: Interrupting: Create Order 2-10 sampler: createOrder
2024-11-14 14:34:12,824 INFO o.a.j.t.JMeterThread: Thread finished: Find Order by ID 1-6
2024-11-14 14:34:12,824 INFO o.a.j.t.JMeterThread: Stopping: Create Order 2-2
2024-11-14 14:34:12,824 WARN o.a.j.t.JMeterThread: Interrupting: Create Order 2-2 sampler: createOrder
2024-11-14 14:34:12,825 INFO o.a.j.t.JMeterThread: Stopping: Create Order 2-6
2024-11-14 14:34:12,825 INFO o.a.j.t.JMeterThread: Thread finished: Create Order 2-10
2024-11-14 14:34:12,825 WARN o.a.j.t.JMeterThread: Interrupting: Create Order 2-6 sampler: createOrder
2024-11-14 14:34:12,825 INFO o.a.j.t.JMeterThread: Thread finished: Create Order 2-2
2024-11-14 14:34:12,825 INFO o.a.j.t.JMeterThread: Stopping: Create Order 2-5
2024-11-14 14:34:12,825 WARN o.a.j.t.JMeterThread: Interrupting: Create Order 2-5 sampler: createOrder
2024-11-14 14:34:12,826 INFO o.a.j.t.JMeterThread: Stopping: Create Order 2-4
2024-11-14 14:34:12,826 WARN o.a.j.t.JMeterThread: Interrupting: Create Order 2-4 sampler: createOrder
2024-11-14 14:34:12,826 INFO o.a.j.t.JMeterThread: Thread finished: Create Order 2-6
2024-11-14 14:34:12,826 INFO o.a.j.t.JMeterThread: Thread finished: Create Order 2-5
2024-11-14 14:34:12,826 INFO o.a.j.t.JMeterThread: Stopping: Create Order 2-3
2024-11-14 14:34:12,827 WARN o.a.j.t.JMeterThread: Interrupting: Create Order 2-3 sampler: createOrder
2024-11-14 14:34:12,827 INFO o.a.j.t.JMeterThread: Thread finished: Create Order 2-4
2024-11-14 14:34:12,827 INFO o.a.j.t.JMeterThread: Stopping: Create Order 2-7
2024-11-14 14:34:12,827 WARN o.a.j.t.JMeterThread: Interrupting: Create Order 2-7 sampler: createOrder
2024-11-14 14:34:12,827 INFO o.a.j.t.JMeterThread: Thread finished: Create Order 2-3
2024-11-14 14:34:12,828 INFO o.a.j.t.JMeterThread: Stopping: Create Order 2-1
2024-11-14 14:34:12,828 WARN o.a.j.t.JMeterThread: Interrupting: Create Order 2-1 sampler: createOrder
2024-11-14 14:34:12,828 INFO o.a.j.t.JMeterThread: Thread finished: Create Order 2-7
2024-11-14 14:34:12,828 INFO o.a.j.t.JMeterThread: Stopping: Create Order 2-8
2024-11-14 14:34:12,828 WARN o.a.j.t.JMeterThread: Interrupting: Create Order 2-8 sampler: createOrder
2024-11-14 14:34:12,829 INFO o.a.j.t.JMeterThread: Thread finished: Create Order 2-1
2024-11-14 14:34:12,829 INFO o.a.j.t.JMeterThread: Stopping: Create Order 2-9
2024-11-14 14:34:12,829 WARN o.a.j.t.JMeterThread: Interrupting: Create Order 2-9 sampler: createOrder
2024-11-14 14:34:12,829 INFO o.a.j.t.JMeterThread: Thread finished: Create Order 2-8
2024-11-14 14:34:12,829 INFO o.a.j.t.JMeterThread: Stopping: Find Product by ID 3-1
2024-11-14 14:34:12,829 INFO o.a.j.t.JMeterThread: Thread finished: Find Product by ID 3-1
2024-11-14 14:34:12,829 INFO o.a.j.t.JMeterThread: Stopping: Find Product by ID 3-10
2024-11-14 14:34:12,829 INFO o.a.j.t.JMeterThread: Thread finished: Create Order 2-9
2024-11-14 14:34:12,829 INFO o.a.j.t.JMeterThread: Stopping: Find Product by ID 3-3
2024-11-14 14:34:12,829 INFO o.a.j.t.JMeterThread: Thread finished: Find Product by ID 3-3
2024-11-14 14:34:12,830 INFO o.a.j.t.JMeterThread: Thread finished: Find Product by ID 3-10
2024-11-14 14:34:12,830 INFO o.a.j.t.JMeterThread: Stopping: Find Product by ID 3-4
2024-11-14 14:34:12,830 INFO o.a.j.t.JMeterThread: Stopping: Find Product by ID 3-5
2024-11-14 14:34:12,830 INFO o.a.j.t.JMeterThread: Stopping: Find Product by ID 3-7
2024-11-14 14:34:12,830 INFO o.a.j.t.JMeterThread: Stopping: Find Product by ID 3-9
2024-11-14 14:34:12,830 INFO o.a.j.t.JMeterThread: Thread finished: Find Product by ID 3-5
2024-11-14 14:34:12,830 INFO o.a.j.t.JMeterThread: Thread finished: Find Product by ID 3-7
2024-11-14 14:34:12,830 INFO o.a.j.t.JMeterThread: Thread finished: Find Product by ID 3-9
2024-11-14 14:34:12,830 INFO o.a.j.t.JMeterThread: Stopping: Find Product by ID 3-2
2024-11-14 14:34:12,830 INFO o.a.j.t.JMeterThread: Thread finished: Find Product by ID 3-4
2024-11-14 14:34:12,830 INFO o.a.j.t.JMeterThread: Thread finished: Find Product by ID 3-2
2024-11-14 14:34:12,830 INFO o.a.j.t.JMeterThread: Stopping: Find Product by ID 3-6
2024-11-14 14:34:12,831 INFO o.a.j.t.JMeterThread: Thread finished: Find Product by ID 3-6
2024-11-14 14:34:12,831 INFO o.a.j.t.JMeterThread: Stopping: Find Product by ID 3-8
2024-11-14 14:34:12,831 INFO o.a.j.t.JMeterThread: Thread finished: Find Product by ID 3-8
2024-11-14 14:34:12,831 INFO o.a.j.e.StandardJMeterEngine: Notifying test listeners of end of test
2024-11-14 14:34:12,832 INFO o.a.j.g.u.JMeterMenuBar: setRunning(false, *local*)
2024-11-14 14:43:35,195 INFO o.a.j.e.StandardJMeterEngine: Running the test!
2024-11-14 14:43:35,197 INFO o.a.j.s.SampleEvent: List of sample_variables: []
2024-11-14 14:43:35,199 INFO o.a.j.g.u.JMeterMenuBar: setRunning(true, *local*)
2024-11-14 14:43:35,498 INFO o.a.j.e.StandardJMeterEngine: Starting ThreadGroup: 1 : Find Order by ID
2024-11-14 14:43:35,499 INFO o.a.j.e.StandardJMeterEngine: Starting 10 threads for group Find Order by ID.
2024-11-14 14:43:35,499 INFO o.a.j.e.StandardJMeterEngine: Thread will continue on error
2024-11-14 14:43:35,499 INFO o.a.j.t.ThreadGroup: Starting thread group... number=1 threads=10 ramp-up=10 delayedStart=false
2024-11-14 14:43:35,500 INFO o.a.j.t.JMeterThread: Thread started: Find Order by ID 1-1
2024-11-14 14:43:35,503 INFO o.a.j.t.ThreadGroup: Started thread group number 1
2024-11-14 14:43:35,503 INFO o.a.j.e.StandardJMeterEngine: Starting ThreadGroup: 2 : Create Order
2024-11-14 14:43:35,503 INFO o.a.j.e.StandardJMeterEngine: Starting 10 threads for group Create Order.
2024-11-14 14:43:35,503 INFO o.a.j.e.StandardJMeterEngine: Thread will continue on error
2024-11-14 14:43:35,504 INFO o.a.j.t.ThreadGroup: Starting thread group... number=2 threads=10 ramp-up=10 delayedStart=false
2024-11-14 14:43:35,506 INFO o.a.j.t.JMeterThread: Thread started: Create Order 2-1
2024-11-14 14:43:35,513 INFO o.a.j.t.ThreadGroup: Started thread group number 2
2024-11-14 14:43:35,513 INFO o.a.j.e.StandardJMeterEngine: Starting ThreadGroup: 3 : Find Product by ID
2024-11-14 14:43:35,513 INFO o.a.j.e.StandardJMeterEngine: Starting 10 threads for group Find Product by ID.
2024-11-14 14:43:35,514 INFO o.a.j.e.StandardJMeterEngine: Thread will continue on error
2024-11-14 14:43:35,514 INFO o.a.j.t.ThreadGroup: Starting thread group... number=3 threads=10 ramp-up=10 delayedStart=false
2024-11-14 14:43:35,517 INFO o.a.j.t.JMeterThread: Thread started: Find Product by ID 3-1
2024-11-14 14:43:35,523 INFO o.a.j.t.ThreadGroup: Started thread group number 3
2024-11-14 14:43:35,523 INFO o.a.j.e.StandardJMeterEngine: All thread groups have been started
2024-11-14 14:43:36,505 INFO o.a.j.t.JMeterThread: Thread started: Find Order by ID 1-2
2024-11-14 14:43:36,506 INFO o.a.j.t.JMeterThread: Thread started: Create Order 2-2
2024-11-14 14:43:36,517 INFO o.a.j.t.JMeterThread: Thread started: Find Product by ID 3-2
2024-11-14 14:43:37,504 INFO o.a.j.t.JMeterThread: Thread started: Find Order by ID 1-3
2024-11-14 14:43:37,510 INFO o.a.j.t.JMeterThread: Thread started: Create Order 2-3
2024-11-14 14:43:37,525 INFO o.a.j.t.JMeterThread: Thread started: Find Product by ID 3-3
2024-11-14 14:43:38,501 INFO o.a.j.t.JMeterThread: Thread started: Find Order by ID 1-4
2024-11-14 14:43:38,516 INFO o.a.j.t.JMeterThread: Thread started: Create Order 2-4
2024-11-14 14:43:38,517 INFO o.a.j.t.JMeterThread: Thread started: Find Product by ID 3-4
2024-11-14 14:43:39,504 INFO o.a.j.t.JMeterThread: Thread started: Find Order by ID 1-5
2024-11-14 14:43:39,510 INFO o.a.j.t.JMeterThread: Thread started: Create Order 2-5
2024-11-14 14:43:39,523 INFO o.a.j.t.JMeterThread: Thread started: Find Product by ID 3-5
2024-11-14 14:43:40,502 INFO o.a.j.t.JMeterThread: Thread started: Find Order by ID 1-6
2024-11-14 14:43:40,511 INFO o.a.j.t.JMeterThread: Thread started: Create Order 2-6
2024-11-14 14:43:40,523 INFO o.a.j.t.JMeterThread: Thread started: Find Product by ID 3-6
2024-11-14 14:43:41,505 INFO o.a.j.t.JMeterThread: Thread started: Find Order by ID 1-7
2024-11-14 14:43:41,506 INFO o.a.j.t.JMeterThread: Thread started: Create Order 2-7
2024-11-14 14:43:41,519 INFO o.a.j.t.JMeterThread: Thread started: Find Product by ID 3-7
2024-11-14 14:43:42,505 INFO o.a.j.t.JMeterThread: Thread started: Find Order by ID 1-8
2024-11-14 14:43:42,509 INFO o.a.j.t.JMeterThread: Thread started: Create Order 2-8
2024-11-14 14:43:42,521 INFO o.a.j.t.JMeterThread: Thread started: Find Product by ID 3-8
2024-11-14 14:43:43,502 INFO o.a.j.t.JMeterThread: Thread started: Find Order by ID 1-9
2024-11-14 14:43:43,509 INFO o.a.j.t.JMeterThread: Thread started: Create Order 2-9
2024-11-14 14:43:43,517 INFO o.a.j.t.JMeterThread: Thread started: Find Product by ID 3-9
2024-11-14 14:43:44,502 INFO o.a.j.t.JMeterThread: Thread started: Find Order by ID 1-10
2024-11-14 14:43:44,518 INFO o.a.j.t.JMeterThread: Thread started: Create Order 2-10
2024-11-14 14:43:44,519 INFO o.a.j.t.JMeterThread: Thread started: Find Product by ID 3-10
2024-11-14 14:46:28,960 INFO o.a.j.g.a.Start: Stopping test
2024-11-14 14:46:29,690 INFO o.a.j.t.JMeterThread: Stopping: Find Order by ID 1-7
2024-11-14 14:46:29,691 WARN o.a.j.t.JMeterThread: Interrupting: Find Order by ID 1-7 sampler: findOrderByID
2024-11-14 14:46:29,788 INFO o.a.j.t.JMeterThread: Stopping: Find Order by ID 1-5
2024-11-14 14:46:29,789 WARN o.a.j.t.JMeterThread: Interrupting: Find Order by ID 1-5 sampler: findOrderByID
2024-11-14 14:46:29,790 INFO o.a.j.t.JMeterThread: Stopping: Find Order by ID 1-6
2024-11-14 14:46:29,790 WARN o.a.j.t.JMeterThread: Interrupting: Find Order by ID 1-6 sampler: findOrderByID
2024-11-14 14:46:29,790 INFO o.a.j.t.JMeterThread: Thread finished: Find Order by ID 1-7
2024-11-14 14:46:29,796 INFO o.a.j.t.JMeterThread: Thread finished: Find Order by ID 1-5
2024-11-14 14:46:29,885 INFO o.a.j.t.JMeterThread: Stopping: Find Order by ID 1-4
2024-11-14 14:46:29,886 INFO o.a.j.t.JMeterThread: Thread finished: Find Order by ID 1-6
2024-11-14 14:46:29,886 WARN o.a.j.t.JMeterThread: Interrupting: Find Order by ID 1-4 sampler: findOrderByID
2024-11-14 14:46:29,886 INFO o.a.j.t.JMeterThread: Stopping: Find Order by ID 1-9
2024-11-14 14:46:29,886 WARN o.a.j.t.JMeterThread: Interrupting: Find Order by ID 1-9 sampler: findOrderByID
2024-11-14 14:46:29,887 INFO o.a.j.t.JMeterThread: Thread finished: Find Order by ID 1-4
2024-11-14 14:46:29,887 INFO o.a.j.t.JMeterThread: Stopping: Find Order by ID 1-1
2024-11-14 14:46:29,887 WARN o.a.j.t.JMeterThread: Interrupting: Find Order by ID 1-1 sampler: findOrderByID
2024-11-14 14:46:29,887 INFO o.a.j.t.JMeterThread: Thread finished: Find Order by ID 1-9
2024-11-14 14:46:29,987 INFO o.a.j.t.JMeterThread: Stopping: Find Order by ID 1-2
2024-11-14 14:46:29,987 WARN o.a.j.t.JMeterThread: Interrupting: Find Order by ID 1-2 sampler: findOrderByID
2024-11-14 14:46:29,988 INFO o.a.j.t.JMeterThread: Stopping: Find Order by ID 1-8
2024-11-14 14:46:29,988 INFO o.a.j.t.JMeterThread: Thread finished: Find Order by ID 1-2
2024-11-14 14:46:29,989 WARN o.a.j.t.JMeterThread: Interrupting: Find Order by ID 1-8 sampler: findOrderByID
2024-11-14 14:46:29,989 INFO o.a.j.t.JMeterThread: Stopping: Find Order by ID 1-3
2024-11-14 14:46:29,989 WARN o.a.j.t.JMeterThread: Interrupting: Find Order by ID 1-3 sampler: findOrderByID
2024-11-14 14:46:29,989 INFO o.a.j.t.JMeterThread: Thread finished: Find Order by ID 1-8
2024-11-14 14:46:29,989 INFO o.a.j.t.JMeterThread: Stopping: Find Order by ID 1-10
2024-11-14 14:46:29,989 WARN o.a.j.t.JMeterThread: Interrupting: Find Order by ID 1-10 sampler: findOrderByID
2024-11-14 14:46:30,075 INFO o.a.j.t.JMeterThread: Thread finished: Find Order by ID 1-3
2024-11-14 14:46:30,075 INFO o.a.j.t.JMeterThread: Stopping: Create Order 2-2
2024-11-14 14:46:30,075 WARN o.a.j.t.JMeterThread: Interrupting: Create Order 2-2 sampler: createOrder
2024-11-14 14:46:30,075 INFO o.a.j.t.JMeterThread: Thread finished: Find Order by ID 1-1
2024-11-14 14:46:30,075 INFO o.a.j.t.JMeterThread: Stopping: Create Order 2-9
2024-11-14 14:46:30,076 WARN o.a.j.t.JMeterThread: Interrupting: Create Order 2-9 sampler: createOrder
2024-11-14 14:46:30,075 INFO o.a.j.t.JMeterThread: Thread finished: Find Order by ID 1-10
2024-11-14 14:46:30,076 INFO o.a.j.t.JMeterThread: Thread finished: Create Order 2-2
2024-11-14 14:46:30,155 INFO o.a.j.t.JMeterThread: Stopping: Create Order 2-1
2024-11-14 14:46:30,155 WARN o.a.j.t.JMeterThread: Interrupting: Create Order 2-1 sampler: createOrder
2024-11-14 14:46:30,155 INFO o.a.j.t.JMeterThread: Stopping: Create Order 2-8
2024-11-14 14:46:30,155 WARN o.a.j.t.JMeterThread: Interrupting: Create Order 2-8 sampler: createOrder
2024-11-14 14:46:30,155 INFO o.a.j.t.JMeterThread: Thread finished: Create Order 2-9
2024-11-14 14:46:30,156 INFO o.a.j.t.JMeterThread: Stopping: Create Order 2-7
2024-11-14 14:46:30,156 WARN o.a.j.t.JMeterThread: Interrupting: Create Order 2-7 sampler: createOrder
2024-11-14 14:46:30,156 INFO o.a.j.t.JMeterThread: Thread finished: Create Order 2-8
2024-11-14 14:46:30,156 INFO o.a.j.t.JMeterThread: Thread finished: Create Order 2-1
2024-11-14 14:46:30,156 INFO o.a.j.t.JMeterThread: Stopping: Create Order 2-6
2024-11-14 14:46:30,156 WARN o.a.j.t.JMeterThread: Interrupting: Create Order 2-6 sampler: createOrder
2024-11-14 14:46:30,156 INFO o.a.j.t.JMeterThread: Thread finished: Create Order 2-7
2024-11-14 14:46:30,156 INFO o.a.j.t.JMeterThread: Stopping: Create Order 2-3
2024-11-14 14:46:30,267 WARN o.a.j.t.JMeterThread: Interrupting: Create Order 2-3 sampler: createOrder
2024-11-14 14:46:30,269 INFO o.a.j.t.JMeterThread: Stopping: Create Order 2-4
2024-11-14 14:46:30,269 INFO o.a.j.t.JMeterThread: Thread finished: Create Order 2-6
2024-11-14 14:46:30,269 WARN o.a.j.t.JMeterThread: Interrupting: Create Order 2-4 sampler: createOrder
2024-11-14 14:46:30,269 INFO o.a.j.t.JMeterThread: Thread finished: Create Order 2-3
2024-11-14 14:46:30,270 INFO o.a.j.t.JMeterThread: Stopping: Create Order 2-5
2024-11-14 14:46:30,270 WARN o.a.j.t.JMeterThread: Interrupting: Create Order 2-5 sampler: createOrder
2024-11-14 14:46:30,270 INFO o.a.j.t.JMeterThread: Stopping: Create Order 2-10
2024-11-14 14:46:30,270 WARN o.a.j.t.JMeterThread: Interrupting: Create Order 2-10 sampler: createOrder
2024-11-14 14:46:30,270 INFO o.a.j.t.JMeterThread: Stopping: Find Product by ID 3-5
2024-11-14 14:46:30,270 WARN o.a.j.t.JMeterThread: Interrupting: Find Product by ID 3-5 sampler: findProductByID
2024-11-14 14:46:30,356 INFO o.a.j.t.JMeterThread: Thread finished: Create Order 2-5
2024-11-14 14:46:30,356 INFO o.a.j.t.JMeterThread: Thread finished: Create Order 2-4
2024-11-14 14:46:30,357 INFO o.a.j.t.JMeterThread: Thread finished: Create Order 2-10
2024-11-14 14:46:30,357 WARN o.a.j.t.JMeterThread: No operation pending
2024-11-14 14:46:30,357 INFO o.a.j.t.JMeterThread: Stopping: Find Product by ID 3-9
2024-11-14 14:46:30,357 INFO o.a.j.t.JMeterThread: Stopping: Find Product by ID 3-4
2024-11-14 14:46:30,357 INFO o.a.j.t.JMeterThread: Stopping: Find Product by ID 3-8
2024-11-14 14:46:30,357 INFO o.a.j.t.JMeterThread: Thread finished: Find Product by ID 3-9
2024-11-14 14:46:30,358 INFO o.a.j.t.JMeterThread: Thread finished: Find Product by ID 3-4
2024-11-14 14:46:30,358 INFO o.a.j.t.JMeterThread: Thread finished: Find Product by ID 3-8
2024-11-14 14:46:30,357 INFO o.a.j.t.JMeterThread: Stopping: Find Product by ID 3-1
2024-11-14 14:46:30,358 INFO o.a.j.t.JMeterThread: Stopping: Find Product by ID 3-7
2024-11-14 14:46:30,358 INFO o.a.j.t.JMeterThread: Stopping: Find Product by ID 3-10
2024-11-14 14:46:30,358 INFO o.a.j.t.JMeterThread: Thread finished: Find Product by ID 3-5
2024-11-14 14:46:30,358 INFO o.a.j.t.JMeterThread: Thread finished: Find Product by ID 3-1
2024-11-14 14:46:30,358 INFO o.a.j.t.JMeterThread: Thread finished: Find Product by ID 3-7
2024-11-14 14:46:30,358 INFO o.a.j.t.JMeterThread: Thread finished: Find Product by ID 3-10
2024-11-14 14:46:30,358 INFO o.a.j.t.JMeterThread: Stopping: Find Product by ID 3-6
2024-11-14 14:46:30,358 INFO o.a.j.t.JMeterThread: Thread finished: Find Product by ID 3-6
2024-11-14 14:46:30,450 INFO o.a.j.t.JMeterThread: Stopping: Find Product by ID 3-2
2024-11-14 14:46:30,450 INFO o.a.j.t.JMeterThread: Thread finished: Find Product by ID 3-2
2024-11-14 14:46:30,451 INFO o.a.j.t.JMeterThread: Thread finished: Find Product by ID 3-3
2024-11-14 14:46:30,451 INFO o.a.j.t.JMeterThread: Stopping: Find Product by ID 3-3
2024-11-14 14:46:30,451 INFO o.a.j.e.StandardJMeterEngine: Notifying test listeners of end of test
2024-11-14 14:46:30,451 INFO o.a.j.g.u.JMeterMenuBar: setRunning(false, *local*)
2024-11-14 14:46:30,579 INFO o.a.j.g.a.Start: Stopping test
2024-11-14 14:46:30,611 INFO o.a.j.g.a.Start: Stopping test
